20-Dec-23 15:33:07 - INFO - gson loose took 0:00:03.874649
20-Dec-23 15:33:07 - ERROR - help
20-Dec-23 15:34:01 - INFO - gson strict took 0:00:03.421074
20-Dec-23 15:34:01 - ERROR - help
20-Dec-23 16:47:50 - INFO - gson loose took 1:05:19.342223
20-Dec-23 16:47:50 - ERROR - help
20-Dec-23 16:58:41 - INFO - gson strict took 1:16:16.784034
20-Dec-23 16:58:41 - ERROR - help
21-Dec-23 11:49:51 - INFO - joda-time loose took 1:08:06.053685
21-Dec-23 11:49:51 - ERROR - help
21-Dec-23 12:39:59 - INFO - joda-time strict took 1:58:13.864947
21-Dec-23 12:39:59 - ERROR - help
21-Dec-23 13:22:36 - INFO - jfreechart loose took 2:16:37.002249
21-Dec-23 13:22:36 - ERROR - help
21-Dec-23 13:48:30 - INFO - jfreechart strict took 2:32:21.358325
21-Dec-23 13:48:30 - ERROR - help
21-Dec-23 15:14:07 - INFO - commons-lang loose took 3:14:01.743058
21-Dec-23 15:14:08 - ERROR - help
21-Dec-23 15:14:46 - INFO - commons-lang strict took 3:14:40.751281
21-Dec-23 15:14:46 - ERROR - help
22-Dec-23 02:29:49 - INFO - pmd loose took 15:48:04.778670
22-Dec-23 02:29:49 - ERROR - help
22-Dec-23 05:12:08 - INFO - pmd strict took 18:30:22.817878
22-Dec-23 05:12:08 - ERROR - help
22-Dec-23 20:42:54 - INFO - commons-math strict took 1 day, 8:52:50.662095
22-Dec-23 20:42:54 - ERROR - help
22-Dec-23 21:35:23 - INFO - commons-math loose took 1 day, 10:19:13.996759
22-Dec-23 21:35:23 - ERROR - help
